build/app/intermediates/manifest_merge_blame_file/profile/manifest-merger-blame-profile-report.txt
1<?xml version="1.0" encoding="utf-8"?>
2<manifest xmlns:android="http://schemas.android.com/apk/res/android"
3    package="com.wins.scanqr"
4    android:versionCode="1"
5    android:versionName="1.0.0" >
6
7    <uses-sdk
8        android:minSdkVersion="21"
9        android:targetSdkVersion="28" />
10    <!--
11         Flutter needs it to communicate with the running application
12         to allow setting breakpoints, to provide hot reload, etc.
13    -->
14    <uses-permission android:name="android.permission.INTERNET" />
14-->src\profile\AndroidManifest.xml:6:5-66
14-->src\profile\AndroidManifest.xml:6:22-64
15    <uses-permission android:name="android.permission.CAMERA" />
15-->[:barcode_scan] AndroidManifest.xml:11:5-65
15-->[:barcode_scan] AndroidManifest.xml:11:22-62
16    <!--
17 io.flutter.app.FlutterApplication is an android.app.Application that
18         calls FlutterMain.startInitialization(this); in its onCreate method.
19         In most cases you can leave this as-is, but you if you want to provide
20         additional functionality it is fine to subclass or reimplement
21         FlutterApplication and put your custom class here.
22    -->
23    <application
23-->src\main\AndroidManifest.xml:8:5-31:19
24        android:name="io.flutter.app.FlutterApplication"
24-->src\main\AndroidManifest.xml:9:9-57
25        android:appComponentFactory="androidx.core.app.CoreComponentFactory"
25-->[androidx.core:core:1.1.0] AndroidManifest.xml:24:18-86
26        android:debuggable="true"
27        android:icon="@mipmap/ic_launcher"
27-->src\main\AndroidManifest.xml:11:9-43
28        android:label="NCF Branch"
28-->src\main\AndroidManifest.xml:10:9-35
29        android:usesCleartextTraffic="true" >
29-->src\main\AndroidManifest.xml:12:9-44
30        <activity
30-->src\main\AndroidManifest.xml:13:9-24:20
31            android:name="com.wins.scanqr.MainActivity"
31-->src\main\AndroidManifest.xml:14:13-41
32            android:configChanges="orientation|keyboardHidden|keyboard|screenSize|smallestScreenSize|locale|layoutDirection|fontScale|screenLayout|density|uiMode"
32-->src\main\AndroidManifest.xml:17:13-163
33            android:hardwareAccelerated="true"
33-->src\main\AndroidManifest.xml:18:13-47
34            android:launchMode="singleTop"
34-->src\main\AndroidManifest.xml:15:13-43
35            android:theme="@style/LaunchTheme"
35-->src\main\AndroidManifest.xml:16:13-47
36            android:windowSoftInputMode="adjustResize" >
36-->src\main\AndroidManifest.xml:19:13-55
37            <intent-filter>
37-->src\main\AndroidManifest.xml:20:13-23:29
38                <action android:name="android.intent.action.MAIN" />
38-->src\main\AndroidManifest.xml:21:17-68
38-->src\main\AndroidManifest.xml:21:25-66
39
40                <category android:name="android.intent.category.LAUNCHER" />
40-->src\main\AndroidManifest.xml:22:17-76
40-->src\main\AndroidManifest.xml:22:27-74
41            </intent-filter>
42        </activity>
43        <activity android:name="com.apptreesoftware.barcodescan.BarcodeScannerActivity" />
43-->src\main\AndroidManifest.xml:25:10-101
43-->src\main\AndroidManifest.xml:25:20-89
44        <!--
45             Don't delete the meta-data below.
46             This is used by the Flutter tool to generate GeneratedPluginRegistrant.java
47        -->
48        <meta-data
48-->src\main\AndroidManifest.xml:28:9-30:33
49            android:name="flutterEmbedding"
49-->src\main\AndroidManifest.xml:29:13-44
50            android:value="2" />
50-->src\main\AndroidManifest.xml:30:13-30
51    </application>
52
53</manifest>